/Users/landers/neuralmag/.venv-notebook/lib/python3.12/site-packages/jax/_src/numpy/array_methods.py:125: UserWarning: Explicitly requested dtype float64 requested in astype is not available, and will be truncated to dtype float32. To enable more dtypes, set the jax_enable_x64 configuration option or the JAX_ENABLE_X64 shell environment variable. See https://github.com/jax-ml/jax#current-gotchas for more.
  return lax_numpy.astype(self, dtype, copy=copy, device=device)
/Users/landers/LiberTEM-holo/src/libertem_holo/base/mbir/kernel.py:140: UserWarning: Explicitly requested dtype float64 requested in asarray is not available, and will be truncated to dtype float32. To enable more dtypes, set the jax_enable_x64 configuration option or the JAX_ENABLE_X64 shell environment variable. See https://github.com/jax-ml/jax#current-gotchas for more.
  coeff_val = jnp.asarray(coeff.value, dtype=dtype)
/Users/landers/LiberTEM-holo/src/libertem_holo/base/mbir/kernel.py:160: UserWarning: Explicitly requested dtype float64 requested in zeros is not available, and will be truncated to dtype float32. To enable more dtypes, set the jax_enable_x64 configuration option or the JAX_ENABLE_X64 shell environment variable. See https://github.com/jax-ml/jax#current-gotchas for more.
  jnp.zeros(dim_pad, dtype=dtype),
/Users/landers/LiberTEM-holo/src/libertem_holo/base/mbir/kernel.py:168: UserWarning: Explicitly requested dtype float64 requested in zeros is not available, and will be truncated to dtype float32. To enable more dtypes, set the jax_enable_x64 configuration option or the JAX_ENABLE_X64 shell environment variable. See https://github.com/jax-ml/jax#current-gotchas for more.
  jnp.zeros(dim_pad, dtype=dtype),
/Users/landers/neuralmag/.venv-notebook/lib/python3.12/site-packages/jax/_src/numpy/array_methods.py:125: UserWarning: Explicitly requested dtype float64 requested in astype is not available, and will be truncated to dtype float32. To enable more dtypes, set the jax_enable_x64 configuration option or the JAX_ENABLE_X64 shell environment variable. See https://github.com/jax-ml/jax#current-gotchas for more.
  return lax_numpy.astype(self, dtype, copy=copy, device=device)
/Users/landers/LiberTEM-holo/src/libertem_holo/base/mbir/kernel.py:140: UserWarning: Explicitly requested dtype float64 requested in asarray is not available, and will be truncated to dtype float32. To enable more dtypes, set the jax_enable_x64 configuration option or the JAX_ENABLE_X64 shell environment variable. See https://github.com/jax-ml/jax#current-gotchas for more.
  coeff_val = jnp.asarray(coeff.value, dtype=dtype)
/Users/landers/LiberTEM-holo/src/libertem_holo/base/mbir/kernel.py:160: UserWarning: Explicitly requested dtype float64 requested in zeros is not available, and will be truncated to dtype float32. To enable more dtypes, set the jax_enable_x64 configuration option or the JAX_ENABLE_X64 shell environment variable. See https://github.com/jax-ml/jax#current-gotchas for more.
  jnp.zeros(dim_pad, dtype=dtype),
/Users/landers/LiberTEM-holo/src/libertem_holo/base/mbir/kernel.py:168: UserWarning: Explicitly requested dtype float64 requested in zeros is not available, and will be truncated to dtype float32. To enable more dtypes, set the jax_enable_x64 configuration option or the JAX_ENABLE_X64 shell environment variable. See https://github.com/jax-ml/jax#current-gotchas for more.
  jnp.zeros(dim_pad, dtype=dtype),
2026-04-27 14:06:15 NeuralMag:INFO [1;37;32m[NeuralMag] Version 0.9.4[0m
2026-04-27 14:06:15 NeuralMag:INFO [1;37;32m[NeuralMag] Backend set to 'jax'.[0m
2026-04-27 14:06:15 NeuralMag:INFO [1;37;32m[Mesh] 3D, 56 x 171 x 28 (size = 6e-09 x 6e-09 x 6e-09)[0m
2026-04-27 14:06:15 NeuralMag:INFO [1;37;32m[NeuralMag] Set default device to 'cuda:0'.[0m
2026-04-27 14:06:15 NeuralMag:INFO [1;37;32m[NeuralMag] Set default dtype to 'float32'.[0m
2026-04-27 14:06:15 NeuralMag:INFO [1;37;32m[State] Running on device: cuda:0 (dtype = float32, backend = jax)[0m
2026-04-27 14:06:16 NeuralMag:INFO [1;37;32m[ExchangeField] Register state methods (field: 'h_exchange', energy: 'E_exchange', energy density: 'e_exchange')[0m
2026-04-27 14:06:16 NeuralMag:INFO [1;37;32m[DemagField] Register state methods (field: 'h_demag', energy: 'E_demag', energy density: 'e_demag')[0m
2026-04-27 14:06:16 NeuralMag:INFO [1;37;32m[DemagField]: Set up demag tensor[0m
2026-04-27 14:06:20 NeuralMag:INFO [1;37;32m[CubicAnisotropyField] Register state methods (field: 'h_cubic', energy: 'E_cubic', energy density: 'e_cubic')[0m
2026-04-27 14:06:20 NeuralMag:INFO [1;37;32m[TotalField] Register state methods (field: 'h', energy: 'E', energy density: 'e')[0m
2026-04-27 14:06:20 NeuralMag:INFO [1;37;32m[LLGSolverJAX] Initialize RHS function[0m
2026-04-27 14:06:28 NeuralMag:INFO [1;37;34m[LLGSolverJAX] Relaxation started, initial energy E = 4.43085e-16 J[0m
2026-04-27 14:06:43 NeuralMag:INFO [1;37;34m[LLGSolverJAX] Relaxation step (max dm/dt = 3.90897e+10) 1/s[0m
Traceback (most recent call last):
  File "<stdin>", line 127, in <module>
  File "/Users/landers/neuralmag/neuralmag/backends/jax/llg_solver_jax.py", line 158, in relax
    sol = dfx.diffeqsolve(
          ^^^^^^^^^^^^^^^^
  File "/Users/landers/neuralmag/.venv-notebook/lib/python3.12/site-packages/equinox/_jit.py", line 209, in __call__
    return _call(self, False, args, kwargs)
           ^^^^^^^^^^^^^^^^^^^^^^^^^^^^^^^^
  File "/Users/landers/neuralmag/.venv-notebook/lib/python3.12/site-packages/equinox/_jit.py", line 263, in _call
    marker, _, _ = out = jit_wrapper._cached(
                         ^^^^^^^^^^^^^^^^^^^^
  File "/Users/landers/neuralmag/.venv-notebook/lib/python3.12/site-packages/jax/_src/traceback_util.py", line 196, in reraise_with_filtered_traceback
    return fun(*args, **kwargs)
           ^^^^^^^^^^^^^^^^^^^^
  File "/Users/landers/neuralmag/.venv-notebook/lib/python3.12/site-packages/jax/_src/pjit.py", line 255, in cache_miss
    executable, pgle_profiler, const_args) = _run_python_pjit(
                                             ^^^^^^^^^^^^^^^^^
  File "/Users/landers/neuralmag/.venv-notebook/lib/python3.12/site-packages/jax/_src/pjit.py", line 140, in _run_python_pjit
    out_flat, compiled, profiler, const_args = _pjit_call_impl_python(
                                               ^^^^^^^^^^^^^^^^^^^^^^^
  File "/Users/landers/neuralmag/.venv-notebook/lib/python3.12/site-packages/jax/_src/pjit.py", line 1167, in _pjit_call_impl_python
    compiled = computation.compile()
               ^^^^^^^^^^^^^^^^^^^^^
  File "/Users/landers/neuralmag/.venv-notebook/lib/python3.12/site-packages/jax/_src/interpreters/pxla.py", line 1246, in compile
    executable = UnloadedMeshExecutable.from_hlo(
                 ^^^^^^^^^^^^^^^^^^^^^^^^^^^^^^^^
  File "/Users/landers/neuralmag/.venv-notebook/lib/python3.12/site-packages/jax/_src/interpreters/pxla.py", line 1779, in from_hlo
    xla_executable = _cached_compilation(
                     ^^^^^^^^^^^^^^^^^^^^
  File "/Users/landers/neuralmag/.venv-notebook/lib/python3.12/site-packages/jax/_src/interpreters/pxla.py", line 1561, in _cached_compilation
    xla_executable = compiler.compile_or_get_cached(
                     ^^^^^^^^^^^^^^^^^^^^^^^^^^^^^^^
  File "/Users/landers/neuralmag/.venv-notebook/lib/python3.12/site-packages/jax/_src/compiler.py", line 485, in compile_or_get_cached
    return _compile_and_write_cache(
           ^^^^^^^^^^^^^^^^^^^^^^^^^
  File "/Users/landers/neuralmag/.venv-notebook/lib/python3.12/site-packages/jax/_src/compiler.py", line 753, in _compile_and_write_cache
    executable = backend_compile_and_load(
                 ^^^^^^^^^^^^^^^^^^^^^^^^^
  File "/Users/landers/neuralmag/.venv-notebook/lib/python3.12/site-packages/jax/_src/profiler.py", line 384, in wrapper
    return func(*args, **kwargs)
           ^^^^^^^^^^^^^^^^^^^^^
  File "/Users/landers/neuralmag/.venv-notebook/lib/python3.12/site-packages/jax/_src/compiler.py", line 360, in backend_compile_and_load
    return backend.compile_and_load(
           ^^^^^^^^^^^^^^^^^^^^^^^^^
KeyboardInterrupt
